This file contains any messages produced by compilers while
running configure, to aid debugging if configure makes a mistake.

It was created by configure, which was
generated by GNU Autoconf 2.57.  Invocation command line was

  $ ./configure 

## --------- ##
## Platform. ##
## --------- ##

hostname = d-172-25-99-55.bootp.virginia.edu
uname -m = x86_64
uname -r = 11.0.0
uname -s = Darwin
uname -v = Darwin Kernel Version 11.0.0: Sat Jun 18 12:56:35 PDT 2011; root:xnu-1699.22.73~1/RELEASE_X86_64

/usr/bin/uname -p = i386
/bin/uname -X     = unknown

/bin/arch              = unknown
/usr/bin/arch -k       = unknown
/usr/convex/getsysinfo = unknown
hostinfo               = Mach kernel version:
	 Darwin Kernel Version 11.0.0: Sat Jun 18 12:56:35 PDT 2011; root:xnu-1699.22.73~1/RELEASE_X86_64
Kernel configured for up to 4 processors.
2 processors are physically available.
4 processors are logically available.
Processor type: i486 (Intel 80486)
Processors active: 0 1 2 3
Primary memory available: 4.00 gigabytes
Default processor set: 84 tasks, 421 threads, 4 processors
Load average: 0.84, Mach factor: 3.15
/bin/machine           = unknown
/usr/bin/oslevel       = unknown
/bin/universe          = unknown

PATH: /usr/bin
PATH: /bin
PATH: /usr/sbin
PATH: /sbin
PATH: /usr/local/bin
PATH: /usr/X11/bin
PATH: /usr/local/git/bin
PATH: /Users/ashwinraghav/.rvm/bin


## ----------- ##
## Core tests. ##
## ----------- ##

configure:1308: checking for a BSD-compatible install
configure:1362: result: /usr/bin/install -c
configure:1373: checking whether build environment is sane
configure:1416: result: yes
configure:1441: WARNING: `missing' script is too old or missing
configure:1449: checking for gawk
configure:1478: result: no
configure:1449: checking for mawk
configure:1478: result: no
configure:1449: checking for nawk
configure:1478: result: no
configure:1449: checking for awk
configure:1465: found /usr/bin/awk
configure:1475: result: awk
configure:1485: checking whether make sets $(MAKE)
configure:1505: result: yes
configure:1716: checking for gcc
configure:1732: found /usr/bin/gcc
configure:1742: result: gcc
configure:1986: checking for C compiler version
configure:1989: gcc --version </dev/null >&5
i686-apple-darwin11-llvm-gcc-4.2 (GCC) 4.2.1 (Based on Apple Inc. build 5658) (LLVM build 2335.15.00)
Copyright (C) 2007 Free Software Foundation, Inc.
This is free software; see the source for copying conditions.  There is NO
warranty; not even for MERCHANTABILITY or FITNESS FOR A PARTICULAR PURPOSE.

configure:1992: $? = 0
configure:1994: gcc -v </dev/null >&5
Using built-in specs.
Target: i686-apple-darwin11
Configured with: /private/var/tmp/llvmgcc42/llvmgcc42-2335.15~25/src/configure --disable-checking --enable-werror --prefix=/Developer/usr/llvm-gcc-4.2 --mandir=/share/man --enable-languages=c,objc,c++,obj-c++ --program-prefix=llvm- --program-transform-name=/^[cg][^.-]*$/s/$/-4.2/ --with-slibdir=/usr/lib --build=i686-apple-darwin11 --enable-llvm=/private/var/tmp/llvmgcc42/llvmgcc42-2335.15~25/dst-llvmCore/Developer/usr/local --program-prefix=i686-apple-darwin11- --host=x86_64-apple-darwin11 --target=i686-apple-darwin11 --with-gxx-include-dir=/usr/include/c++/4.2.1
Thread model: posix
gcc version 4.2.1 (Based on Apple Inc. build 5658) (LLVM build 2335.15.00)
configure:1997: $? = 0
configure:1999: gcc -V </dev/null >&5
llvm-gcc-4.2: argument to `-V' is missing
configure:2002: $? = 1
configure:2026: checking for C compiler default output
configure:2029: gcc    conftest.c  >&5
configure:2032: $? = 0
configure:2078: result: a.out
configure:2083: checking whether the C compiler works
configure:2089: ./a.out
configure:2092: $? = 0
configure:2109: result: yes
configure:2116: checking whether we are cross compiling
configure:2118: result: no
configure:2121: checking for suffix of executables
configure:2123: gcc -o conftest    conftest.c  >&5
configure:2126: $? = 0
configure:2151: result: 
configure:2157: checking for suffix of object files
configure:2179: gcc -c   conftest.c >&5
configure:2182: $? = 0
configure:2204: result: o
configure:2208: checking whether we are using the GNU C compiler
configure:2233: gcc -c   conftest.c >&5
configure:2236: $? = 0
configure:2239: test -s conftest.o
configure:2242: $? = 0
configure:2255: result: yes
configure:2261: checking whether gcc accepts -g
configure:2283: gcc -c -g  conftest.c >&5
configure:2286: $? = 0
configure:2289: test -s conftest.o
configure:2292: $? = 0
configure:2303: result: yes
configure:2320: checking for gcc option to accept ANSI C
configure:2381: gcc  -c -g -O2  conftest.c >&5
configure:2384: $? = 0
configure:2387: test -s conftest.o
configure:2390: $? = 0
configure:2408: result: none needed
configure:2426: gcc -c -g -O2  conftest.c >&5
conftest.c:2: error: expected '=', ',', ';', 'asm' or '__attribute__' before 'me'
configure:2429: $? = 1
configure: failed program was:
| #ifndef __cplusplus
|   choke me
| #endif
configure:2549: checking for style of include used by make
configure:2577: result: GNU
configure:2605: checking dependency style of gcc
configure:2673: result: gcc3
configure:2694: checking for bison
configure:2710: found /usr/bin/bison
configure:2720: result: bison -y
configure:2736: checking for flex
configure:2752: found /usr/bin/flex
configure:2762: result: flex
configure:2775: checking for yywrap in -lfl
configure:2806: gcc -o conftest -g -O2   conftest.c -lfl   >&5
configure:2809: $? = 0
configure:2812: test -s conftest
configure:2815: $? = 0
configure:2827: result: yes
configure:2895: checking lex output file root
configure:2906: flex conftest.l
configure:2909: $? = 0
configure:2921: result: lex.yy
configure:2926: checking whether yytext is a pointer
configure:2942: gcc -o conftest -g -O2   conftest.c  -lfl >&5
configure:2945: $? = 0
configure:2948: test -s conftest
configure:2951: $? = 0
configure:2964: result: yes
configure:3019: checking for ranlib
configure:3035: found /usr/bin/ranlib
configure:3046: result: ranlib
configure:3070: checking for a BSD-compatible install
configure:3124: result: /usr/bin/install -c
configure:3135: checking whether make sets $(MAKE)
configure:3155: result: yes
configure:3182: checking for emacs
configure:3198: found /usr/bin/emacs
configure:3208: result: emacs
configure:3221: checking where .elc files should go
configure:3231: $EMACS -batch -q -eval '(while load-path (princ (concat (car load-path) "
")) (setq load-path (cdr load-path)))' </dev/null >conftest.out
configure:3234: $? = 0
configure:3247: result: ${datadir}/emacs/site-lisp
configure:3262: checking how to run the C preprocessor
configure:3298: gcc -E  conftest.c
configure:3304: $? = 0
configure:3336: gcc -E  conftest.c
configure:3338:28: error: ac_nonexistent.h: No such file or directory
configure:3342: $? = 1
configure: failed program was:
| #line 3327 "configure"
| /* confdefs.h.  */
| 
| #define PACKAGE_NAME ""
| #define PACKAGE_TARNAME ""
| #define PACKAGE_VERSION ""
| #define PACKAGE_STRING ""
| #define PACKAGE_BUGREPORT ""
| #define PACKAGE "cqual"
| #define VERSION "0.981"
| #define YYTEXT_POINTER 1
| /* end confdefs.h.  */
| #include <ac_nonexistent.h>
configure:3380: result: gcc -E
configure:3405: gcc -E  conftest.c
configure:3411: $? = 0
configure:3443: gcc -E  conftest.c
configure:3445:28: error: ac_nonexistent.h: No such file or directory
configure:3449: $? = 1
configure: failed program was:
| #line 3434 "configure"
| /* confdefs.h.  */
| 
| #define PACKAGE_NAME ""
| #define PACKAGE_TARNAME ""
| #define PACKAGE_VERSION ""
| #define PACKAGE_STRING ""
| #define PACKAGE_BUGREPORT ""
| #define PACKAGE "cqual"
| #define VERSION "0.981"
| #define YYTEXT_POINTER 1
| /* end confdefs.h.  */
| #include <ac_nonexistent.h>
configure:3492: checking for egrep
configure:3502: result: grep -E
configure:3507: checking for ANSI C header files
configure:3533: gcc -c -g -O2  conftest.c >&5
configure:3536: $? = 0
configure:3539: test -s conftest.o
configure:3542: $? = 0
configure:3634: gcc -o conftest -g -O2   conftest.c  >&5
configure: In function 'main':
configure:3630: warning: incompatible implicit declaration of built-in function 'exit'
configure:3637: $? = 0
configure:3639: ./conftest
configure:3642: $? = 0
configure:3657: result: yes
configure:3681: checking for sys/types.h
configure:3698: gcc -c -g -O2  conftest.c >&5
configure:3701: $? = 0
configure:3704: test -s conftest.o
configure:3707: $? = 0
configure:3718: result: yes
configure:3681: checking for sys/stat.h
configure:3698: gcc -c -g -O2  conftest.c >&5
configure:3701: $? = 0
configure:3704: test -s conftest.o
configure:3707: $? = 0
configure:3718: result: yes
configure:3681: checking for stdlib.h
configure:3698: gcc -c -g -O2  conftest.c >&5
configure:3701: $? = 0
configure:3704: test -s conftest.o
configure:3707: $? = 0
configure:3718: result: yes
configure:3681: checking for string.h
configure:3698: gcc -c -g -O2  conftest.c >&5
configure:3701: $? = 0
configure:3704: test -s conftest.o
configure:3707: $? = 0
configure:3718: result: yes
configure:3681: checking for memory.h
configure:3698: gcc -c -g -O2  conftest.c >&5
configure:3701: $? = 0
configure:3704: test -s conftest.o
configure:3707: $? = 0
configure:3718: result: yes
configure:3681: checking for strings.h
configure:3698: gcc -c -g -O2  conftest.c >&5
configure:3701: $? = 0
configure:3704: test -s conftest.o
configure:3707: $? = 0
configure:3718: result: yes
configure:3681: checking for inttypes.h
configure:3698: gcc -c -g -O2  conftest.c >&5
configure:3701: $? = 0
configure:3704: test -s conftest.o
configure:3707: $? = 0
configure:3718: result: yes
configure:3681: checking for stdint.h
configure:3698: gcc -c -g -O2  conftest.c >&5
configure:3701: $? = 0
configure:3704: test -s conftest.o
configure:3707: $? = 0
configure:3718: result: yes
configure:3681: checking for unistd.h
configure:3698: gcc -c -g -O2  conftest.c >&5
configure:3701: $? = 0
configure:3704: test -s conftest.o
configure:3707: $? = 0
configure:3718: result: yes
configure:3748: checking fcntl.h usability
configure:3761: gcc -c -g -O2  conftest.c >&5
configure:3764: $? = 0
configure:3767: test -s conftest.o
configure:3770: $? = 0
configure:3780: result: yes
configure:3784: checking fcntl.h presence
configure:3795: gcc -E  conftest.c
configure:3801: $? = 0
configure:3820: result: yes
configure:3856: checking for fcntl.h
configure:3863: result: yes
configure:3748: checking limits.h usability
configure:3761: gcc -c -g -O2  conftest.c >&5
configure:3764: $? = 0
configure:3767: test -s conftest.o
configure:3770: $? = 0
configure:3780: result: yes
configure:3784: checking limits.h presence
configure:3795: gcc -E  conftest.c
configure:3801: $? = 0
configure:3820: result: yes
configure:3856: checking for limits.h
configure:3863: result: yes
configure:3748: checking malloc.h usability
configure:3761: gcc -c -g -O2  conftest.c >&5
configure:3807:20: error: malloc.h: No such file or directory
configure:3764: $? = 1
configure: failed program was:
| #line 3750 "configure"
| /* confdefs.h.  */
| 
| #define PACKAGE_NAME ""
| #define PACKAGE_TARNAME ""
| #define PACKAGE_VERSION ""
| #define PACKAGE_STRING ""
| #define PACKAGE_BUGREPORT ""
| #define PACKAGE "cqual"
| #define VERSION "0.981"
| #define YYTEXT_POINTER 1
| #define STDC_HEADERS 1
| #define HAVE_SYS_TYPES_H 1
| #define HAVE_SYS_STAT_H 1
| #define HAVE_STDLIB_H 1
| #define HAVE_STRING_H 1
| #define HAVE_MEMORY_H 1
| #define HAVE_STRINGS_H 1
| #define HAVE_INTTYPES_H 1
| #define HAVE_STDINT_H 1
| #define HAVE_UNISTD_H 1
| #define HAVE_FCNTL_H 1
| #define HAVE_LIMITS_H 1
| /* end confdefs.h.  */
| #include <stdio.h>
| #if HAVE_SYS_TYPES_H
| # include <sys/types.h>
| #endif
| #if HAVE_SYS_STAT_H
| # include <sys/stat.h>
| #endif
| #if STDC_HEADERS
| # include <stdlib.h>
| # include <stddef.h>
| #else
| # if HAVE_STDLIB_H
| #  include <stdlib.h>
| # endif
| #endif
| #if HAVE_STRING_H
| # if !STDC_HEADERS && HAVE_MEMORY_H
| #  include <memory.h>
| # endif
| # include <string.h>
| #endif
| #if HAVE_STRINGS_H
| # include <strings.h>
| #endif
| #if HAVE_INTTYPES_H
| # include <inttypes.h>
| #else
| # if HAVE_STDINT_H
| #  include <stdint.h>
| # endif
| #endif
| #if HAVE_UNISTD_H
| # include <unistd.h>
| #endif
| #include <malloc.h>
configure:3780: result: no
configure:3784: checking malloc.h presence
configure:3795: gcc -E  conftest.c
configure:3809:20: error: malloc.h: No such file or directory
configure:3801: $? = 1
configure: failed program was:
| #line 3786 "configure"
| /* confdefs.h.  */
| 
| #define PACKAGE_NAME ""
| #define PACKAGE_TARNAME ""
| #define PACKAGE_VERSION ""
| #define PACKAGE_STRING ""
| #define PACKAGE_BUGREPORT ""
| #define PACKAGE "cqual"
| #define VERSION "0.981"
| #define YYTEXT_POINTER 1
| #define STDC_HEADERS 1
| #define HAVE_SYS_TYPES_H 1
| #define HAVE_SYS_STAT_H 1
| #define HAVE_STDLIB_H 1
| #define HAVE_STRING_H 1
| #define HAVE_MEMORY_H 1
| #define HAVE_STRINGS_H 1
| #define HAVE_INTTYPES_H 1
| #define HAVE_STDINT_H 1
| #define HAVE_UNISTD_H 1
| #define HAVE_FCNTL_H 1
| #define HAVE_LIMITS_H 1
| /* end confdefs.h.  */
| #include <malloc.h>
configure:3820: result: no
configure:3856: checking for malloc.h
configure:3863: result: no
configure:3748: checking sys/time.h usability
configure:3761: gcc -c -g -O2  conftest.c >&5
configure:3764: $? = 0
configure:3767: test -s conftest.o
configure:3770: $? = 0
configure:3780: result: yes
configure:3784: checking sys/time.h presence
configure:3795: gcc -E  conftest.c
configure:3801: $? = 0
configure:3820: result: yes
configure:3856: checking for sys/time.h
configure:3863: result: yes
configure:3739: checking for unistd.h
configure:3744: result: yes
configure:3877: checking for an ANSI C-conforming const
configure:3945: gcc -c -g -O2  conftest.c >&5
configure:3948: $? = 0
configure:3951: test -s conftest.o
configure:3954: $? = 0
configure:3965: result: yes
configure:3975: checking for inline
configure:3997: gcc -c -g -O2  conftest.c >&5
configure:4000: $? = 0
configure:4003: test -s conftest.o
configure:4006: $? = 0
configure:4018: result: inline
configure:4033: checking for pid_t
configure:4058: gcc -c -g -O2  conftest.c >&5
configure:4061: $? = 0
configure:4064: test -s conftest.o
configure:4067: $? = 0
configure:4078: result: yes
configure:4090: checking for size_t
configure:4115: gcc -c -g -O2  conftest.c >&5
configure:4118: $? = 0
configure:4121: test -s conftest.o
configure:4124: $? = 0
configure:4135: result: yes
configure:4147: checking whether time.h and sys/time.h may both be included
configure:4173: gcc -c -g -O2  conftest.c >&5
configure:4176: $? = 0
configure:4179: test -s conftest.o
configure:4182: $? = 0
configure:4193: result: yes
configure:4206: checking for working alloca.h
configure:4228: gcc -o conftest -g -O2   conftest.c  >&5
configure:4231: $? = 0
configure:4234: test -s conftest
configure:4237: $? = 0
configure:4248: result: yes
configure:4258: checking for alloca
configure:4300: gcc -o conftest -g -O2   conftest.c  >&5
configure:4303: $? = 0
configure:4306: test -s conftest
configure:4309: $? = 0
configure:4320: result: yes
configure:4527: checking for working memcmp
configure:4576: gcc -o conftest -g -O2   conftest.c  >&5
configure: In function 'main':
configure:4571: warning: incompatible implicit declaration of built-in function 'exit'
configure:4584: warning: incompatible implicit declaration of built-in function 'strcpy'
configure:4579: $? = 0
configure:4581: ./conftest
configure:4584: $? = 0
configure:4598: result: yes
configure:4602: checking for function prototypes
configure:4605: result: yes
configure:4622: checking whether setvbuf arguments are reversed
configure:4648: gcc -o conftest -g -O2   conftest.c  >&5
configure:4660: error: conflicting types for 'setvbuf'
/usr/include/stdio.h:276: error: previous declaration of 'setvbuf' was here
configure:4651: $? = 1
configure: failed program was:
| #line 4628 "configure"
| /* confdefs.h.  */
| 
| #define PACKAGE_NAME ""
| #define PACKAGE_TARNAME ""
| #define PACKAGE_VERSION ""
| #define PACKAGE_STRING ""
| #define PACKAGE_BUGREPORT ""
| #define PACKAGE "cqual"
| #define VERSION "0.981"
| #define YYTEXT_POINTER 1
| #define STDC_HEADERS 1
| #define HAVE_SYS_TYPES_H 1
| #define HAVE_SYS_STAT_H 1
| #define HAVE_STDLIB_H 1
| #define HAVE_STRING_H 1
| #define HAVE_MEMORY_H 1
| #define HAVE_STRINGS_H 1
| #define HAVE_INTTYPES_H 1
| #define HAVE_STDINT_H 1
| #define HAVE_UNISTD_H 1
| #define HAVE_FCNTL_H 1
| #define HAVE_LIMITS_H 1
| #define HAVE_SYS_TIME_H 1
| #define HAVE_UNISTD_H 1
| #define TIME_WITH_SYS_TIME 1
| #define HAVE_ALLOCA_H 1
| #define HAVE_ALLOCA 1
| #define PROTOTYPES 1
| #define __PROTOTYPES 1
| /* end confdefs.h.  */
| #include <stdio.h>
| #	  if PROTOTYPES
| 	   int (setvbuf) (FILE *, int, char *, size_t);
| #	  endif
| int
| main ()
| {
| char buf; return setvbuf (stdout, _IOLBF, &buf, 1);
|   ;
|   return 0;
| }
configure:4755: result: no
configure:4765: checking return type of signal handlers
configure:4797: gcc -c -g -O2  conftest.c >&5
configure:4800: $? = 0
configure:4803: test -s conftest.o
configure:4806: $? = 0
configure:4817: result: void
configure:4829: checking for vprintf
configure:4879: gcc -o conftest -g -O2   conftest.c  >&5
configure:4881: warning: conflicting types for built-in function 'vprintf'
configure:4882: $? = 0
configure:4885: test -s conftest
configure:4888: $? = 0
configure:4899: result: yes
configure:4906: checking for _doprnt
configure:4956: gcc -o conftest -g -O2   conftest.c  >&5
Undefined symbols for architecture x86_64:
  "__doprnt", referenced from:
      _main in ccb9ZziI.o
      _f in ccb9ZziI.o
ld: symbol(s) not found for architecture x86_64
collect2: ld returned 1 exit status
configure:4959: $? = 1
configure: failed program was:
| #line 4911 "configure"
| /* confdefs.h.  */
| 
| #define PACKAGE_NAME ""
| #define PACKAGE_TARNAME ""
| #define PACKAGE_VERSION ""
| #define PACKAGE_STRING ""
| #define PACKAGE_BUGREPORT ""
| #define PACKAGE "cqual"
| #define VERSION "0.981"
| #define YYTEXT_POINTER 1
| #define STDC_HEADERS 1
| #define HAVE_SYS_TYPES_H 1
| #define HAVE_SYS_STAT_H 1
| #define HAVE_STDLIB_H 1
| #define HAVE_STRING_H 1
| #define HAVE_MEMORY_H 1
| #define HAVE_STRINGS_H 1
| #define HAVE_INTTYPES_H 1
| #define HAVE_STDINT_H 1
| #define HAVE_UNISTD_H 1
| #define HAVE_FCNTL_H 1
| #define HAVE_LIMITS_H 1
| #define HAVE_SYS_TIME_H 1
| #define HAVE_UNISTD_H 1
| #define TIME_WITH_SYS_TIME 1
| #define HAVE_ALLOCA_H 1
| #define HAVE_ALLOCA 1
| #define PROTOTYPES 1
| #define __PROTOTYPES 1
| #define RETSIGTYPE void
| #define HAVE_VPRINTF 1
| /* end confdefs.h.  */
| /* System header to define __stub macros and hopefully few prototypes,
|     which can conflict with char _doprnt (); below.
|     Prefer <limits.h> to <assert.h> if __STDC__ is defined, since
|     <limits.h> exists even on freestanding compilers.  */
| #ifdef __STDC__
| # include <limits.h>
| #else
| # include <assert.h>
| #endif
| /* Override any gcc2 internal prototype to avoid an error.  */
| #ifdef __cplusplus
| extern "C"
| {
| #endif
| /* We use char because int might match the return type of a gcc2
|    builtin and then its argument prototype would still apply.  */
| char _doprnt ();
| /* The GNU C library defines this for functions which it implements
|     to always fail with ENOSYS.  Some functions are actually named
|     something starting with __ and the normal name is an alias.  */
| #if defined (__stub__doprnt) || defined (__stub____doprnt)
| choke me
| #else
| char (*f) () = _doprnt;
| #endif
| #ifdef __cplusplus
| }
| #endif
| 
| int
| main ()
| {
| return f != _doprnt;
|   ;
|   return 0;
| }
configure:4976: result: no
configure:4996: checking for gettimeofday
configure:5046: gcc -o conftest -g -O2   conftest.c  >&5
configure:5049: $? = 0
configure:5052: test -s conftest
configure:5055: $? = 0
configure:5066: result: yes
configure:4996: checking for strdup
configure:5046: gcc -o conftest -g -O2   conftest.c  >&5
configure:5050: warning: conflicting types for built-in function 'strdup'
configure:5049: $? = 0
configure:5052: test -s conftest
configure:5055: $? = 0
configure:5066: result: yes
configure:4996: checking for strtol
configure:5046: gcc -o conftest -g -O2   conftest.c  >&5
configure:5049: $? = 0
configure:5052: test -s conftest
configure:5055: $? = 0
configure:5066: result: yes
configure:5218: creating ./config.status

## ---------------------- ##
## Running config.status. ##
## ---------------------- ##

This file was extended by config.status, which was
generated by GNU Autoconf 2.57.  Invocation command line was

  CONFIG_FILES    = 
  CONFIG_HEADERS  = 
  CONFIG_LINKS    = 
  CONFIG_COMMANDS = 
  $ ./config.status 

on d-172-25-99-55.bootp.virginia.edu

config.status:658: creating Makefile
config.status:658: creating doc/Makefile
config.status:658: creating src/Makefile
config.status:658: creating src/libcompat/Makefile
config.status:658: creating PAM-3/Makefile
config.status:658: creating PAM-3/elib/Makefile
config.status:783: executing depfiles commands

## ---------------- ##
## Cache variables. ##
## ---------------- ##

ac_cv_c_compiler_gnu=yes
ac_cv_c_const=yes
ac_cv_c_inline=inline
ac_cv_env_CC_set=
ac_cv_env_CC_value=
ac_cv_env_CFLAGS_set=
ac_cv_env_CFLAGS_value=
ac_cv_env_CPPFLAGS_set=
ac_cv_env_CPPFLAGS_value=
ac_cv_env_CPP_set=
ac_cv_env_CPP_value=
ac_cv_env_LDFLAGS_set=
ac_cv_env_LDFLAGS_value=
ac_cv_env_build_alias_set=
ac_cv_env_build_alias_value=
ac_cv_env_host_alias_set=
ac_cv_env_host_alias_value=
ac_cv_env_target_alias_set=
ac_cv_env_target_alias_value=
ac_cv_exeext=
ac_cv_func__doprnt=no
ac_cv_func_alloca_works=yes
ac_cv_func_gettimeofday=yes
ac_cv_func_memcmp_working=yes
ac_cv_func_setvbuf_reversed=no
ac_cv_func_strdup=yes
ac_cv_func_strtol=yes
ac_cv_func_vprintf=yes
ac_cv_header_fcntl_h=yes
ac_cv_header_inttypes_h=yes
ac_cv_header_limits_h=yes
ac_cv_header_malloc_h=no
ac_cv_header_memory_h=yes
ac_cv_header_stdc=yes
ac_cv_header_stdint_h=yes
ac_cv_header_stdlib_h=yes
ac_cv_header_string_h=yes
ac_cv_header_strings_h=yes
ac_cv_header_sys_stat_h=yes
ac_cv_header_sys_time_h=yes
ac_cv_header_sys_types_h=yes
ac_cv_header_time=yes
ac_cv_header_unistd_h=yes
ac_cv_lib_fl_yywrap=yes
ac_cv_objext=o
ac_cv_path_install='/usr/bin/install -c'
ac_cv_prog_AWK=awk
ac_cv_prog_CPP='gcc -E'
ac_cv_prog_EMACS=emacs
ac_cv_prog_LEX=flex
ac_cv_prog_YACC='bison -y'
ac_cv_prog_ac_ct_CC=gcc
ac_cv_prog_ac_ct_RANLIB=ranlib
ac_cv_prog_cc_g=yes
ac_cv_prog_cc_stdc=
ac_cv_prog_egrep='grep -E'
ac_cv_prog_lex_root=lex.yy
ac_cv_prog_lex_yytext_pointer=yes
ac_cv_prog_make_make_set=yes
ac_cv_type_pid_t=yes
ac_cv_type_signal=void
ac_cv_type_size_t=yes
ac_cv_working_alloca_h=yes
am_cv_CC_dependencies_compiler_type=gcc3
am_cv_lispdir='${datadir}/emacs/site-lisp'

## ----------------- ##
## Output variables. ##
## ----------------- ##

ACLOCAL='aclocal-1.7'
ALLOCA=''
AMDEPBACKSLASH='\'
AMDEP_FALSE='#'
AMDEP_TRUE=''
AMTAR='tar'
AUTOCONF='autoconf'
AUTOHEADER='autoheader'
AUTOMAKE='automake-1.7'
AWK='awk'
CC='gcc'
CCDEPMODE='depmode=gcc3'
CFLAGS='-g -O2'
CPP='gcc -E'
CPPFLAGS=''
CYGPATH_W='echo'
DEFS='-DPACKAGE_NAME=\"\" -DPACKAGE_TARNAME=\"\" -DPACKAGE_VERSION=\"\" -DPACKAGE_STRING=\"\" -DPACKAGE_BUGREPORT=\"\" -DPACKAGE=\"cqual\" -DVERSION=\"0.981\" -DYYTEXT_POINTER=1 -DSTDC_HEADERS=1 -DHAVE_SYS_TYPES_H=1 -DHAVE_SYS_STAT_H=1 -DHAVE_STDLIB_H=1 -DHAVE_STRING_H=1 -DHAVE_MEMORY_H=1 -DHAVE_STRINGS_H=1 -DHAVE_INTTYPES_H=1 -DHAVE_STDINT_H=1 -DHAVE_UNISTD_H=1 -DHAVE_FCNTL_H=1 -DHAVE_LIMITS_H=1 -DHAVE_SYS_TIME_H=1 -DHAVE_UNISTD_H=1 -DTIME_WITH_SYS_TIME=1 -DHAVE_ALLOCA_H=1 -DHAVE_ALLOCA=1 -DPROTOTYPES=1 -D__PROTOTYPES=1 -DRETSIGTYPE=void -DHAVE_VPRINTF=1 -DHAVE_GETTIMEOFDAY=1 -DHAVE_STRDUP=1 -DHAVE_STRTOL=1 '
DEPDIR='.deps'
ECHO_C='ECHO_N=''
ECHO_T=''
EGREP='grep -E'
EMACS='emacs'
EXEEXT=''
INSTALL_DATA='${INSTALL} -m 644'
INSTALL_PROGRAM='${INSTALL}'
INSTALL_SCRIPT='${INSTALL}'
INSTALL_STRIP_PROGRAM='${SHELL} $(install_sh) -c -s'
LDFLAGS=''
LEX='flex'
LEXLIB='-lfl'
LEX_OUTPUT_ROOT='lex.yy'
LIBOBJS=''
LIBS=''
LTLIBOBJS=''
MAKEINFO='makeinfo'
OBJEXT='o'
PACKAGE='cqual'
PACKAGE_BUGREPORT=''
PACKAGE_NAME=''
PACKAGE_STRING=''
PACKAGE_TARNAME=''
PACKAGE_VERSION=''
PATH_SEPARATOR=':'
RANLIB='ranlib'
SET_MAKE=''
SHELL='/bin/sh'
STRIP=''
VERSION='0.981'
YACC='bison -y'
ac_ct_CC='gcc'
ac_ct_RANLIB='ranlib'
ac_ct_STRIP=''
am__fastdepCC_FALSE='#'
am__fastdepCC_TRUE=''
am__include='include'
am__leading_dot='.'
am__quote=''
bindir='${exec_prefix}/bin'
build_alias=''
datadir='${prefix}/share'
exec_prefix='${prefix}'
host_alias=''
includedir='${prefix}/include'
infodir='${prefix}/info'
install_sh='/Users/ashwinraghav/cqual-0.981/inst/install-sh'
libdir='${exec_prefix}/lib'
libexecdir='${exec_prefix}/libexec'
lispdir='${datadir}/emacs/site-lisp'
localstatedir='${prefix}/var'
mandir='${prefix}/man'
oldincludedir='/usr/include'
prefix='/usr/local'
program_transform_name='s,x,x,'
sbindir='${exec_prefix}/sbin'
sharedstatedir='${prefix}/com'
sysconfdir='${prefix}/etc'
target_alias=''

## ----------- ##
## confdefs.h. ##
## ----------- ##

#define HAVE_ALLOCA 1
#define HAVE_ALLOCA_H 1
#define HAVE_FCNTL_H 1
#define HAVE_GETTIMEOFDAY 1
#define HAVE_INTTYPES_H 1
#define HAVE_LIMITS_H 1
#define HAVE_MEMORY_H 1
#define HAVE_STDINT_H 1
#define HAVE_STDLIB_H 1
#define HAVE_STRDUP 1
#define HAVE_STRINGS_H 1
#define HAVE_STRING_H 1
#define HAVE_STRTOL 1
#define HAVE_SYS_STAT_H 1
#define HAVE_SYS_TIME_H 1
#define HAVE_SYS_TYPES_H 1
#define HAVE_UNISTD_H 1
#define HAVE_UNISTD_H 1
#define HAVE_VPRINTF 1
#define PACKAGE "cqual"
#define PACKAGE_BUGREPORT ""
#define PACKAGE_NAME ""
#define PACKAGE_STRING ""
#define PACKAGE_TARNAME ""
#define PACKAGE_VERSION ""
#define PROTOTYPES 1
#define RETSIGTYPE void
#define STDC_HEADERS 1
#define TIME_WITH_SYS_TIME 1
#define VERSION "0.981"
#define YYTEXT_POINTER 1
#define __PROTOTYPES 1

configure: exit 0
